<?xml version="1.0" encoding="UTF-8"?>
<!-- Generated by org.testng.reporters.JUnitXMLReporter -->
<testsuite ignored="0" hostname="DESKTOP-QBF8APR" failures="1" tests="25" name="Test" time="220.863" errors="0" timestamp="2025-09-20T21:49:38 IST">
  <testcase classname="testCases.TC001_AccountResgistrationTest" name="verfy_AccountRegistration" time="2.14"/>
  <testcase classname="testCases.TC001_AccountResgistrationTest" name="verify_RegistrationWithEmptyFirstName" time="11.146"/>
  <testcase classname="testCases.TC001_AccountResgistrationTest" name="verify_RegistrationWithInvalidEmail" time="10.976"/>
  <testcase classname="testCases.TC001_AccountResgistrationTest" name="verify_RegistrationWithPasswordMismatch" time="11.016"/>
  <testcase classname="testCases.TC002_LoginTest" name="verify_LoginWithValidCredentials" time="1.322"/>
  <testcase classname="testCases.TC002_LoginTest" name="verify_LoginWithInvalidCredentials" time="0.79"/>
  <testcase classname="testCases.TC002_LoginTest" name="verify_LoginWithEmptyUsername" time="0.688"/>
  <testcase classname="testCases.TC002_LoginTest" name="verify_LoginWithEmptyPassword" time="0.753"/>
  <testcase classname="testCases.TC003_LoginDDT" name="verify_Loginddt" time="1.284"/>
  <testcase classname="testCases.TC003_LoginDDT" name="verify_Loginddt" time="10.597"/>
  <testcase classname="testCases.TC003_LoginDDT" name="verify_Loginddt" time="10.598"/>
  <testcase classname="testCases.TC003_LoginDDT" name="verify_Loginddt" time="10.562"/>
  <testcase classname="testCases.TC003_LoginDDT" name="verify_Loginddt" time="10.519"/>
  <testcase classname="testCases.TC004_SearchProductTest" name="searchproduct" time="7.095"/>
  <testcase classname="testCases.TC004_SearchProductTest" name="searchProductNotExist" time="2.383"/>
  <testcase classname="testCases.TC004_SearchProductTest" name="searchProductWithEmptyInput" time="2.477"/>
  <testcase classname="testCases.TC004_SearchProductTest" name="searchProductWithSpecialChars" time="2.412"/>
  <testcase classname="testCases.TC007_AddtoWishlistTest" name="verifyWishlist" time="6.969"/>
  <testcase classname="testCases.TC007_AddtoWishlistTest" name="addToWishlistWithoutLogin" time="0.419"/>
  <testcase classname="testCases.TC006_CompareProductTest" name="VerifyCompareproduct" time="6.394"/>
  <testcase classname="testCases.TC006_CompareProductTest" name="addToCompareWithoutSelectingProduct" time="0.744"/>
  <testcase classname="testCases.TC005_AddtocartTest" name="verifyaddtocart" time="3.677">
    <failure type="java.lang.AssertionError" message="null">
      <![CDATA[java.lang.AssertionError: null
at testCases.TC005_AddtocartTest.verifyaddtocart(TC005_AddtocartTest.java:70)
at java.base/java.util.ArrayList.forEach(ArrayList.java:1597)
... Removed 31 stack frames]]>
    </failure>
  </testcase> <!-- verifyaddtocart -->
  <testcase classname="testCases.TC008_ShoppingcartTest" name="verfiyShoppingcartTest" time="22.608"/>
  <testcase classname="testCases.TC008_ShoppingcartTest" name="estimateShippingWithInvalidDetails" time="6.912"/>
  <testcase classname="testCases.TC009_E2ECheckoutflowTest" name="verifyE2Echekout" time="50.317"/>
</testsuite> <!-- Test -->
