<?xml version="1.0" encoding="UTF-8"?>
<!-- Generated by org.testng.reporters.JUnitXMLReporter -->
<testsuite ignored="0" hostname="DESKTOP-QBF8APR" failures="1" tests="1" name="Windows-Chrome" time="61.935" errors="0" timestamp="2025-09-21T21:29:34 IST">
  <testcase classname="testCases.TC009_E2ECheckoutflowTest" name="verifyE2Echekout" time="53.813">
    <failure type="java.lang.AssertionError" message="The following asserts failed:
	expected [$200.00] but found [$400.00],
	expected [$205.00] but found [$405.00]">
      <![CDATA[java.lang.AssertionError: The following asserts failed:
expected [$200.00] but found [$400.00],
expected [$205.00] but found [$405.00]
at testCases.TC009_E2ECheckoutflowTest.verifyE2Echekout(TC009_E2ECheckoutflowTest.java:186)
at java.base/java.util.ArrayList.forEach(ArrayList.java:1511)
... Removed 29 stack frames]]>
    </failure>
  </testcase> <!-- verifyE2Echekout -->
</testsuite> <!-- Windows-Chrome -->
