<?xml version="1.0" encoding="UTF-8"?>
<testng-results ignored="0" total="25" passed="24" failed="1" skipped="0">
  <reporter-output>
  </reporter-output>
  <suite started-at="2025-09-20T21:45:56 IST" name="Master Suite" finished-at="2025-09-20T21:49:37 IST" duration-ms="220863">
    <groups>
      <group name="Master">
        <method signature="TC001_AccountResgistrationTest.verfy_AccountRegistration()[pri:1, instance:testCases.TC001_AccountResgistrationTest@36ebc363]" name="verfy_AccountRegistration" class="testCases.TC001_AccountResgistrationTest"/>
        <method signature="TC002_LoginTest.verify_LoginWithValidCredentials()[pri:1, instance:testCases.TC002_LoginTest@43bc63a3]" name="verify_LoginWithValidCredentials" class="testCases.TC002_LoginTest"/>
      </group> <!-- Master -->
      <group name="Sanity">
        <method signature="TC002_LoginTest.verify_LoginWithValidCredentials()[pri:1, instance:testCases.TC002_LoginTest@43bc63a3]" name="verify_LoginWithValidCredentials" class="testCases.TC002_LoginTest"/>
        <method signature="TC004_SearchProductTest.searchproduct()[pri:1, instance:testCases.TC004_SearchProductTest@6a6cb05c]" name="searchproduct" class="testCases.TC004_SearchProductTest"/>
        <method signature="TC005_AddtocartTest.verifyaddtocart()[pri:1, instance:testCases.TC005_AddtocartTest@22ff4249]" name="verifyaddtocart" class="testCases.TC005_AddtocartTest"/>
        <method signature="TC006_CompareProductTest.VerifyCompareproduct()[pri:1, instance:testCases.TC006_CompareProductTest@6025e1b6]" name="VerifyCompareproduct" class="testCases.TC006_CompareProductTest"/>
        <method signature="TC007_AddtoWishlistTest.verifyWishlist()[pri:1, instance:testCases.TC007_AddtoWishlistTest@40a4337a]" name="verifyWishlist" class="testCases.TC007_AddtoWishlistTest"/>
        <method signature="TC008_ShoppingcartTest.verfiyShoppingcartTest()[pri:1, instance:testCases.TC008_ShoppingcartTest@2d1ef81a]" name="verfiyShoppingcartTest" class="testCases.TC008_ShoppingcartTest"/>
      </group> <!-- Sanity -->
      <group name="Negative">
        <method signature="TC001_AccountResgistrationTest.verify_RegistrationWithEmptyFirstName()[pri:2, instance:testCases.TC001_AccountResgistrationTest@36ebc363]" name="verify_RegistrationWithEmptyFirstName" class="testCases.TC001_AccountResgistrationTest"/>
        <method signature="TC004_SearchProductTest.searchProductNotExist()[pri:2, instance:testCases.TC004_SearchProductTest@6a6cb05c]" name="searchProductNotExist" class="testCases.TC004_SearchProductTest"/>
        <method signature="TC006_CompareProductTest.addToCompareWithoutSelectingProduct()[pri:2, instance:testCases.TC006_CompareProductTest@6025e1b6]" name="addToCompareWithoutSelectingProduct" class="testCases.TC006_CompareProductTest"/>
        <method signature="TC007_AddtoWishlistTest.addToWishlistWithoutLogin()[pri:2, instance:testCases.TC007_AddtoWishlistTest@40a4337a]" name="addToWishlistWithoutLogin" class="testCases.TC007_AddtoWishlistTest"/>
        <method signature="TC008_ShoppingcartTest.estimateShippingWithInvalidDetails()[pri:2, instance:testCases.TC008_ShoppingcartTest@2d1ef81a]" name="estimateShippingWithInvalidDetails" class="testCases.TC008_ShoppingcartTest"/>
        <method signature="TC001_AccountResgistrationTest.verify_RegistrationWithInvalidEmail()[pri:3, instance:testCases.TC001_AccountResgistrationTest@36ebc363]" name="verify_RegistrationWithInvalidEmail" class="testCases.TC001_AccountResgistrationTest"/>
        <method signature="TC004_SearchProductTest.searchProductWithEmptyInput()[pri:3, instance:testCases.TC004_SearchProductTest@6a6cb05c]" name="searchProductWithEmptyInput" class="testCases.TC004_SearchProductTest"/>
        <method signature="TC001_AccountResgistrationTest.verify_RegistrationWithPasswordMismatch()[pri:4, instance:testCases.TC001_AccountResgistrationTest@36ebc363]" name="verify_RegistrationWithPasswordMismatch" class="testCases.TC001_AccountResgistrationTest"/>
        <method signature="TC004_SearchProductTest.searchProductWithSpecialChars()[pri:4, instance:testCases.TC004_SearchProductTest@6a6cb05c]" name="searchProductWithSpecialChars" class="testCases.TC004_SearchProductTest"/>
      </group> <!-- Negative -->
      <group name="Regression">
        <method signature="TC001_AccountResgistrationTest.verfy_AccountRegistration()[pri:1, instance:testCases.TC001_AccountResgistrationTest@36ebc363]" name="verfy_AccountRegistration" class="testCases.TC001_AccountResgistrationTest"/>
      </group> <!-- Regression -->
      <group name="Datadriven">
        <method signature="TC003_LoginDDT.verify_Loginddt(java.lang.String,java.lang.String,java.lang.String)[pri:0, instance:testCases.TC003_LoginDDT@702657cc]" name="verify_Loginddt" class="testCases.TC003_LoginDDT"/>
      </group> <!-- Datadriven -->
    </groups>
    <test started-at="2025-09-20T21:45:56 IST" name="Test" finished-at="2025-09-20T21:49:37 IST" duration-ms="220863">
      <class name="testCases.TC004_SearchProductTest">
        <test-method is-config="true" signature="setup(java.lang.String,java.lang.String)[pri:0, instance:testCases.TC004_SearchProductTest@6a6cb05c]" started-at="2025-09-20T21:47:29 IST" name="setup" finished-at="2025-09-20T21:47:33 IST" duration-ms="3790" status="PASS">
          <params>
            <param index="0">
              <value>
                <![CDATA[Windows]]>
              </value>
            </param>
            <param index="1">
              <value>
                <![CDATA[chrome]]>
              </value>
            </param>
          </params>
          <reporter-output>
          </reporter-output>
        </test-method> <!-- setup -->
        <test-method signature="searchproduct()[pri:1, instance:testCases.TC004_SearchProductTest@6a6cb05c]" started-at="2025-09-20T21:47:33 IST" name="searchproduct" finished-at="2025-09-20T21:47:40 IST" duration-ms="7095" status="PASS">
          <reporter-output>
          </reporter-output>
        </test-method> <!-- searchproduct -->
        <test-method signature="searchProductNotExist()[pri:2, instance:testCases.TC004_SearchProductTest@6a6cb05c]" started-at="2025-09-20T21:47:40 IST" name="searchProductNotExist" finished-at="2025-09-20T21:47:43 IST" duration-ms="2383" status="PASS">
          <reporter-output>
          </reporter-output>
        </test-method> <!-- searchProductNotExist -->
        <test-method signature="searchProductWithEmptyInput()[pri:3, instance:testCases.TC004_SearchProductTest@6a6cb05c]" started-at="2025-09-20T21:47:43 IST" name="searchProductWithEmptyInput" finished-at="2025-09-20T21:47:45 IST" duration-ms="2477" status="PASS">
          <reporter-output>
          </reporter-output>
        </test-method> <!-- searchProductWithEmptyInput -->
        <test-method signature="searchProductWithSpecialChars()[pri:4, instance:testCases.TC004_SearchProductTest@6a6cb05c]" started-at="2025-09-20T21:47:45 IST" name="searchProductWithSpecialChars" finished-at="2025-09-20T21:47:48 IST" duration-ms="2412" status="PASS">
          <reporter-output>
          </reporter-output>
        </test-method> <!-- searchProductWithSpecialChars -->
        <test-method is-config="true" signature="tearDown()[pri:0, instance:testCases.TC004_SearchProductTest@6a6cb05c]" started-at="2025-09-20T21:47:48 IST" name="tearDown" finished-at="2025-09-20T21:47:48 IST" duration-ms="81" status="PASS">
          <reporter-output>
          </reporter-output>
        </test-method> <!-- tearDown -->
      </class> <!-- testCases.TC004_SearchProductTest -->
      <class name="testCases.TC005_AddtocartTest">
        <test-method is-config="true" signature="setup(java.lang.String,java.lang.String)[pri:0, instance:testCases.TC005_AddtocartTest@22ff4249]" started-at="2025-09-20T21:48:07 IST" name="setup" finished-at="2025-09-20T21:48:09 IST" duration-ms="2161" status="PASS">
          <params>
            <param index="0">
              <value>
                <![CDATA[Windows]]>
              </value>
            </param>
            <param index="1">
              <value>
                <![CDATA[chrome]]>
              </value>
            </param>
          </params>
          <reporter-output>
          </reporter-output>
        </test-method> <!-- setup -->
        <test-method signature="verifyaddtocart()[pri:1, instance:testCases.TC005_AddtocartTest@22ff4249]" started-at="2025-09-20T21:48:09 IST" name="verifyaddtocart" finished-at="2025-09-20T21:48:12 IST" duration-ms="3677" status="FAIL">
          <exception class="java.lang.AssertionError">
            <message>
              <![CDATA[null]]>
            </message>
            <full-stacktrace>
              <![CDATA[java.lang.AssertionError: null
at org.testng.Assert.fail(Assert.java:111)
at org.testng.Assert.fail(Assert.java:116)
at testCases.TC005_AddtocartTest.verifyaddtocart(TC005_AddtocartTest.java:70)
at java.base/jdk.internal.reflect.DirectMethodHandleAccessor.invoke(DirectMethodHandleAccessor.java:103)
at java.base/java.lang.reflect.Method.invoke(Method.java:580)
at org.testng.internal.invokers.MethodInvocationHelper.invokeMethod(MethodInvocationHelper.java:141)
at org.testng.internal.invokers.TestInvoker.invokeMethod(TestInvoker.java:687)
at org.testng.internal.invokers.TestInvoker.invokeTestMethod(TestInvoker.java:230)
at org.testng.internal.invokers.MethodRunner.runInSequence(MethodRunner.java:63)
at org.testng.internal.invokers.TestInvoker$MethodInvocationAgent.invoke(TestInvoker.java:995)
at org.testng.internal.invokers.TestInvoker.invokeTestMethods(TestInvoker.java:203)
at org.testng.internal.invokers.TestMethodWorker.invokeTestMethods(TestMethodWorker.java:154)
at org.testng.internal.invokers.TestMethodWorker.run(TestMethodWorker.java:134)
at java.base/java.util.ArrayList.forEach(ArrayList.java:1597)
at org.testng.TestRunner.privateRun(TestRunner.java:741)
at org.testng.TestRunner.run(TestRunner.java:616)
at org.testng.SuiteRunner.runTest(SuiteRunner.java:421)
at org.testng.SuiteRunner.runSequentially(SuiteRunner.java:413)
at org.testng.SuiteRunner.privateRun(SuiteRunner.java:373)
at org.testng.SuiteRunner.run(SuiteRunner.java:312)
at org.testng.SuiteRunnerWorker.runSuite(SuiteRunnerWorker.java:52)
at org.testng.SuiteRunnerWorker.run(SuiteRunnerWorker.java:95)
at org.testng.TestNG.runSuitesSequentially(TestNG.java:1274)
at org.testng.TestNG.runSuitesLocally(TestNG.java:1208)
at org.testng.TestNG.runSuites(TestNG.java:1112)
at org.testng.TestNG.run(TestNG.java:1079)
at org.apache.maven.surefire.testng.TestNGExecutor.run(TestNGExecutor.java:308)
at org.apache.maven.surefire.testng.TestNGXmlTestSuite.execute(TestNGXmlTestSuite.java:71)
at org.apache.maven.surefire.testng.TestNGProvider.invoke(TestNGProvider.java:113)
at org.apache.maven.surefire.booter.ForkedBooter.runSuitesInProcess(ForkedBooter.java:385)
at org.apache.maven.surefire.booter.ForkedBooter.execute(ForkedBooter.java:162)
at org.apache.maven.surefire.booter.ForkedBooter.run(ForkedBooter.java:507)
at org.apache.maven.surefire.booter.ForkedBooter.main(ForkedBooter.java:495)
]]>
            </full-stacktrace>
          </exception> <!-- java.lang.AssertionError -->
          <reporter-output>
          </reporter-output>
        </test-method> <!-- verifyaddtocart -->
        <test-method is-config="true" signature="tearDown()[pri:0, instance:testCases.TC005_AddtocartTest@22ff4249]" started-at="2025-09-20T21:48:13 IST" name="tearDown" finished-at="2025-09-20T21:48:13 IST" duration-ms="63" status="PASS">
          <reporter-output>
          </reporter-output>
        </test-method> <!-- tearDown -->
      </class> <!-- testCases.TC005_AddtocartTest -->
      <class name="testCases.TC006_CompareProductTest">
        <test-method is-config="true" signature="setup(java.lang.String,java.lang.String)[pri:0, instance:testCases.TC006_CompareProductTest@6025e1b6]" started-at="2025-09-20T21:47:58 IST" name="setup" finished-at="2025-09-20T21:47:59 IST" duration-ms="1548" status="PASS">
          <params>
            <param index="0">
              <value>
                <![CDATA[Windows]]>
              </value>
            </param>
            <param index="1">
              <value>
                <![CDATA[chrome]]>
              </value>
            </param>
          </params>
          <reporter-output>
          </reporter-output>
        </test-method> <!-- setup -->
        <test-method signature="VerifyCompareproduct()[pri:1, instance:testCases.TC006_CompareProductTest@6025e1b6]" started-at="2025-09-20T21:47:59 IST" name="VerifyCompareproduct" finished-at="2025-09-20T21:48:06 IST" duration-ms="6394" status="PASS">
          <reporter-output>
          </reporter-output>
        </test-method> <!-- VerifyCompareproduct -->
        <test-method signature="addToCompareWithoutSelectingProduct()[pri:2, instance:testCases.TC006_CompareProductTest@6025e1b6]" started-at="2025-09-20T21:48:06 IST" name="addToCompareWithoutSelectingProduct" finished-at="2025-09-20T21:48:06 IST" duration-ms="744" status="PASS">
          <reporter-output>
          </reporter-output>
        </test-method> <!-- addToCompareWithoutSelectingProduct -->
        <test-method is-config="true" signature="tearDown()[pri:0, instance:testCases.TC006_CompareProductTest@6025e1b6]" started-at="2025-09-20T21:48:06 IST" name="tearDown" finished-at="2025-09-20T21:48:07 IST" duration-ms="119" status="PASS">
          <reporter-output>
          </reporter-output>
        </test-method> <!-- tearDown -->
      </class> <!-- testCases.TC006_CompareProductTest -->
      <class name="testCases.TC002_LoginTest">
        <test-method is-config="true" signature="setup(java.lang.String,java.lang.String)[pri:0, instance:testCases.TC002_LoginTest@43bc63a3]" started-at="2025-09-20T21:46:37 IST" name="setup" finished-at="2025-09-20T21:46:39 IST" duration-ms="2049" status="PASS">
          <params>
            <param index="0">
              <value>
                <![CDATA[Windows]]>
              </value>
            </param>
            <param index="1">
              <value>
                <![CDATA[chrome]]>
              </value>
            </param>
          </params>
          <reporter-output>
          </reporter-output>
        </test-method> <!-- setup -->
        <test-method signature="verify_LoginWithValidCredentials()[pri:1, instance:testCases.TC002_LoginTest@43bc63a3]" started-at="2025-09-20T21:46:39 IST" name="verify_LoginWithValidCredentials" finished-at="2025-09-20T21:46:40 IST" duration-ms="1322" status="PASS">
          <reporter-output>
          </reporter-output>
        </test-method> <!-- verify_LoginWithValidCredentials -->
        <test-method signature="verify_LoginWithInvalidCredentials()[pri:2, instance:testCases.TC002_LoginTest@43bc63a3]" started-at="2025-09-20T21:46:40 IST" name="verify_LoginWithInvalidCredentials" finished-at="2025-09-20T21:46:41 IST" duration-ms="790" status="PASS">
          <reporter-output>
          </reporter-output>
        </test-method> <!-- verify_LoginWithInvalidCredentials -->
        <test-method signature="verify_LoginWithEmptyUsername()[pri:3, instance:testCases.TC002_LoginTest@43bc63a3]" started-at="2025-09-20T21:46:41 IST" name="verify_LoginWithEmptyUsername" finished-at="2025-09-20T21:46:42 IST" duration-ms="688" status="PASS">
          <reporter-output>
          </reporter-output>
        </test-method> <!-- verify_LoginWithEmptyUsername -->
        <test-method signature="verify_LoginWithEmptyPassword()[pri:4, instance:testCases.TC002_LoginTest@43bc63a3]" started-at="2025-09-20T21:46:42 IST" name="verify_LoginWithEmptyPassword" finished-at="2025-09-20T21:46:43 IST" duration-ms="753" status="PASS">
          <reporter-output>
          </reporter-output>
        </test-method> <!-- verify_LoginWithEmptyPassword -->
        <test-method is-config="true" signature="tearDown()[pri:0, instance:testCases.TC002_LoginTest@43bc63a3]" started-at="2025-09-20T21:46:43 IST" name="tearDown" finished-at="2025-09-20T21:46:43 IST" duration-ms="66" status="PASS">
          <reporter-output>
          </reporter-output>
        </test-method> <!-- tearDown -->
      </class> <!-- testCases.TC002_LoginTest -->
      <class name="testCases.TC001_AccountResgistrationTest">
        <test-method is-config="true" signature="setup(java.lang.String,java.lang.String)[pri:0, instance:testCases.TC001_AccountResgistrationTest@36ebc363]" started-at="2025-09-20T21:45:56 IST" name="setup" finished-at="2025-09-20T21:46:00 IST" duration-ms="4323" status="PASS">
          <params>
            <param index="0">
              <value>
                <![CDATA[Windows]]>
              </value>
            </param>
            <param index="1">
              <value>
                <![CDATA[chrome]]>
              </value>
            </param>
          </params>
          <reporter-output>
          </reporter-output>
        </test-method> <!-- setup -->
        <test-method signature="verfy_AccountRegistration()[pri:1, instance:testCases.TC001_AccountResgistrationTest@36ebc363]" started-at="2025-09-20T21:46:01 IST" name="verfy_AccountRegistration" finished-at="2025-09-20T21:46:03 IST" duration-ms="2140" status="PASS">
          <reporter-output>
          </reporter-output>
        </test-method> <!-- verfy_AccountRegistration -->
        <test-method signature="verify_RegistrationWithEmptyFirstName()[pri:2, instance:testCases.TC001_AccountResgistrationTest@36ebc363]" started-at="2025-09-20T21:46:04 IST" name="verify_RegistrationWithEmptyFirstName" finished-at="2025-09-20T21:46:15 IST" duration-ms="11146" status="PASS">
          <reporter-output>
          </reporter-output>
        </test-method> <!-- verify_RegistrationWithEmptyFirstName -->
        <test-method signature="verify_RegistrationWithInvalidEmail()[pri:3, instance:testCases.TC001_AccountResgistrationTest@36ebc363]" started-at="2025-09-20T21:46:15 IST" name="verify_RegistrationWithInvalidEmail" finished-at="2025-09-20T21:46:26 IST" duration-ms="10976" status="PASS">
          <reporter-output>
          </reporter-output>
        </test-method> <!-- verify_RegistrationWithInvalidEmail -->
        <test-method signature="verify_RegistrationWithPasswordMismatch()[pri:4, instance:testCases.TC001_AccountResgistrationTest@36ebc363]" started-at="2025-09-20T21:46:26 IST" name="verify_RegistrationWithPasswordMismatch" finished-at="2025-09-20T21:46:37 IST" duration-ms="11016" status="PASS">
          <reporter-output>
          </reporter-output>
        </test-method> <!-- verify_RegistrationWithPasswordMismatch -->
        <test-method is-config="true" signature="tearDown()[pri:0, instance:testCases.TC001_AccountResgistrationTest@36ebc363]" started-at="2025-09-20T21:46:37 IST" name="tearDown" finished-at="2025-09-20T21:46:37 IST" duration-ms="74" status="PASS">
          <reporter-output>
          </reporter-output>
        </test-method> <!-- tearDown -->
      </class> <!-- testCases.TC001_AccountResgistrationTest -->
      <class name="testCases.TC003_LoginDDT">
        <test-method is-config="true" signature="setup(java.lang.String,java.lang.String)[pri:0, instance:testCases.TC003_LoginDDT@702657cc]" started-at="2025-09-20T21:46:43 IST" name="setup" finished-at="2025-09-20T21:46:44 IST" duration-ms="1650" status="PASS">
          <params>
            <param index="0">
              <value>
                <![CDATA[Windows]]>
              </value>
            </param>
            <param index="1">
              <value>
                <![CDATA[chrome]]>
              </value>
            </param>
          </params>
          <reporter-output>
          </reporter-output>
        </test-method> <!-- setup -->
        <test-method signature="verify_Loginddt(java.lang.String,java.lang.String,java.lang.String)[pri:0, instance:testCases.TC003_LoginDDT@702657cc]" started-at="2025-09-20T21:46:46 IST" name="verify_Loginddt" data-provider="LoginData" finished-at="2025-09-20T21:46:47 IST" duration-ms="1284" status="PASS">
          <params>
            <param index="0">
              <value>
                <![CDATA[liya123@gmail.com]]>
              </value>
            </param>
            <param index="1">
              <value>
                <![CDATA[demo123]]>
              </value>
            </param>
            <param index="2">
              <value>
                <![CDATA[valid]]>
              </value>
            </param>
          </params>
          <reporter-output>
          </reporter-output>
        </test-method> <!-- verify_Loginddt -->
        <test-method signature="verify_Loginddt(java.lang.String,java.lang.String,java.lang.String)[pri:0, instance:testCases.TC003_LoginDDT@702657cc]" started-at="2025-09-20T21:46:47 IST" name="verify_Loginddt" data-provider="LoginData" finished-at="2025-09-20T21:46:58 IST" duration-ms="10597" status="PASS">
          <params>
            <param index="0">
              <value>
                <![CDATA[lakshmi@yahoo.com]]>
              </value>
            </param>
            <param index="1">
              <value>
                <![CDATA[Laxmi]]>
              </value>
            </param>
            <param index="2">
              <value>
                <![CDATA[Invalid]]>
              </value>
            </param>
          </params>
          <reporter-output>
          </reporter-output>
        </test-method> <!-- verify_Loginddt -->
        <test-method signature="verify_Loginddt(java.lang.String,java.lang.String,java.lang.String)[pri:0, instance:testCases.TC003_LoginDDT@702657cc]" started-at="2025-09-20T21:46:58 IST" name="verify_Loginddt" data-provider="LoginData" finished-at="2025-09-20T21:47:08 IST" duration-ms="10598" status="PASS">
          <params>
            <param index="0">
              <value>
                <![CDATA[laksh@yahoo.com]]>
              </value>
            </param>
            <param index="1">
              <value>
                <![CDATA[Lakshmi]]>
              </value>
            </param>
            <param index="2">
              <value>
                <![CDATA[Invalid]]>
              </value>
            </param>
          </params>
          <reporter-output>
          </reporter-output>
        </test-method> <!-- verify_Loginddt -->
        <test-method signature="verify_Loginddt(java.lang.String,java.lang.String,java.lang.String)[pri:0, instance:testCases.TC003_LoginDDT@702657cc]" started-at="2025-09-20T21:47:08 IST" name="verify_Loginddt" data-provider="LoginData" finished-at="2025-09-20T21:47:19 IST" duration-ms="10562" status="PASS">
          <params>
            <param index="0">
              <value>
                <![CDATA[laks@yahoo.com]]>
              </value>
            </param>
            <param index="1">
              <value>
                <![CDATA[xyz]]>
              </value>
            </param>
            <param index="2">
              <value>
                <![CDATA[Invalid]]>
              </value>
            </param>
          </params>
          <reporter-output>
          </reporter-output>
        </test-method> <!-- verify_Loginddt -->
        <test-method signature="verify_Loginddt(java.lang.String,java.lang.String,java.lang.String)[pri:0, instance:testCases.TC003_LoginDDT@702657cc]" started-at="2025-09-20T21:47:19 IST" name="verify_Loginddt" data-provider="LoginData" finished-at="2025-09-20T21:47:29 IST" duration-ms="10519" status="PASS">
          <params>
            <param index="0">
              <value>
                <![CDATA[abc123@gmail.com]]>
              </value>
            </param>
            <param index="1">
              <value>
                <![CDATA[test@123]]>
              </value>
            </param>
            <param index="2">
              <value>
                <![CDATA[Invalid]]>
              </value>
            </param>
          </params>
          <reporter-output>
          </reporter-output>
        </test-method> <!-- verify_Loginddt -->
        <test-method is-config="true" signature="tearDown()[pri:0, instance:testCases.TC003_LoginDDT@702657cc]" started-at="2025-09-20T21:47:29 IST" name="tearDown" finished-at="2025-09-20T21:47:29 IST" duration-ms="87" status="PASS">
          <reporter-output>
          </reporter-output>
        </test-method> <!-- tearDown -->
      </class> <!-- testCases.TC003_LoginDDT -->
      <class name="testCases.TC009_E2ECheckoutflowTest">
        <test-method is-config="true" signature="setup(java.lang.String,java.lang.String)[pri:0, instance:testCases.TC009_E2ECheckoutflowTest@4c402120]" started-at="2025-09-20T21:48:44 IST" name="setup" finished-at="2025-09-20T21:48:46 IST" duration-ms="2505" status="PASS">
          <params>
            <param index="0">
              <value>
                <![CDATA[Windows]]>
              </value>
            </param>
            <param index="1">
              <value>
                <![CDATA[chrome]]>
              </value>
            </param>
          </params>
          <reporter-output>
          </reporter-output>
        </test-method> <!-- setup -->
        <test-method signature="verifyE2Echekout()[pri:0, instance:testCases.TC009_E2ECheckoutflowTest@4c402120]" started-at="2025-09-20T21:48:46 IST" name="verifyE2Echekout" finished-at="2025-09-20T21:49:37 IST" duration-ms="50317" status="PASS">
          <reporter-output>
          </reporter-output>
        </test-method> <!-- verifyE2Echekout -->
        <test-method is-config="true" signature="tearDown()[pri:0, instance:testCases.TC009_E2ECheckoutflowTest@4c402120]" started-at="2025-09-20T21:49:37 IST" name="tearDown" finished-at="2025-09-20T21:49:37 IST" duration-ms="80" status="PASS">
          <reporter-output>
          </reporter-output>
        </test-method> <!-- tearDown -->
      </class> <!-- testCases.TC009_E2ECheckoutflowTest -->
      <class name="testCases.TC008_ShoppingcartTest">
        <test-method is-config="true" signature="setup(java.lang.String,java.lang.String)[pri:0, instance:testCases.TC008_ShoppingcartTest@2d1ef81a]" started-at="2025-09-20T21:48:13 IST" name="setup" finished-at="2025-09-20T21:48:14 IST" duration-ms="1570" status="PASS">
          <params>
            <param index="0">
              <value>
                <![CDATA[Windows]]>
              </value>
            </param>
            <param index="1">
              <value>
                <![CDATA[chrome]]>
              </value>
            </param>
          </params>
          <reporter-output>
          </reporter-output>
        </test-method> <!-- setup -->
        <test-method signature="verfiyShoppingcartTest()[pri:1, instance:testCases.TC008_ShoppingcartTest@2d1ef81a]" started-at="2025-09-20T21:48:14 IST" name="verfiyShoppingcartTest" finished-at="2025-09-20T21:48:37 IST" duration-ms="22608" status="PASS">
          <reporter-output>
          </reporter-output>
        </test-method> <!-- verfiyShoppingcartTest -->
        <test-method signature="estimateShippingWithInvalidDetails()[pri:2, instance:testCases.TC008_ShoppingcartTest@2d1ef81a]" started-at="2025-09-20T21:48:37 IST" name="estimateShippingWithInvalidDetails" finished-at="2025-09-20T21:48:44 IST" duration-ms="6912" status="PASS">
          <reporter-output>
          </reporter-output>
        </test-method> <!-- estimateShippingWithInvalidDetails -->
        <test-method is-config="true" signature="tearDown()[pri:0, instance:testCases.TC008_ShoppingcartTest@2d1ef81a]" started-at="2025-09-20T21:48:44 IST" name="tearDown" finished-at="2025-09-20T21:48:44 IST" duration-ms="114" status="PASS">
          <reporter-output>
          </reporter-output>
        </test-method> <!-- tearDown -->
      </class> <!-- testCases.TC008_ShoppingcartTest -->
      <class name="testCases.TC007_AddtoWishlistTest">
        <test-method is-config="true" signature="setup(java.lang.String,java.lang.String)[pri:0, instance:testCases.TC007_AddtoWishlistTest@40a4337a]" started-at="2025-09-20T21:47:48 IST" name="setup" finished-at="2025-09-20T21:47:50 IST" duration-ms="2634" status="PASS">
          <params>
            <param index="0">
              <value>
                <![CDATA[Windows]]>
              </value>
            </param>
            <param index="1">
              <value>
                <![CDATA[chrome]]>
              </value>
            </param>
          </params>
          <reporter-output>
          </reporter-output>
        </test-method> <!-- setup -->
        <test-method signature="verifyWishlist()[pri:1, instance:testCases.TC007_AddtoWishlistTest@40a4337a]" started-at="2025-09-20T21:47:50 IST" name="verifyWishlist" finished-at="2025-09-20T21:47:57 IST" duration-ms="6969" status="PASS">
          <reporter-output>
          </reporter-output>
        </test-method> <!-- verifyWishlist -->
        <test-method signature="addToWishlistWithoutLogin()[pri:2, instance:testCases.TC007_AddtoWishlistTest@40a4337a]" started-at="2025-09-20T21:47:57 IST" name="addToWishlistWithoutLogin" finished-at="2025-09-20T21:47:58 IST" duration-ms="419" status="PASS">
          <reporter-output>
          </reporter-output>
        </test-method> <!-- addToWishlistWithoutLogin -->
        <test-method is-config="true" signature="tearDown()[pri:0, instance:testCases.TC007_AddtoWishlistTest@40a4337a]" started-at="2025-09-20T21:47:58 IST" name="tearDown" finished-at="2025-09-20T21:47:58 IST" duration-ms="90" status="PASS">
          <reporter-output>
          </reporter-output>
        </test-method> <!-- tearDown -->
      </class> <!-- testCases.TC007_AddtoWishlistTest -->
    </test> <!-- Test -->
  </suite> <!-- Master Suite -->
</testng-results>
