<?xml version="1.0" encoding="UTF-8"?>
<testng-results ignored="0" total="3" passed="2" failed="1" skipped="0">
  <reporter-output>
  </reporter-output>
  <suite started-at="2025-09-21T20:36:40 IST" name="Master Suite" finished-at="2025-09-21T20:37:05 IST" duration-ms="25532">
    <groups>
      <group name="Sanity">
        <method signature="TC006_CompareProductTest.VerifyCompareproduct()[pri:1, instance:testCases.TC006_CompareProductTest@5f049ea1]" name="VerifyCompareproduct" class="testCases.TC006_CompareProductTest"/>
        <method signature="TC006_CompareProductTest.verifyComparePageUIElements()[pri:3, instance:testCases.TC006_CompareProductTest@5f049ea1]" name="verifyComparePageUIElements" class="testCases.TC006_CompareProductTest"/>
      </group> <!-- Sanity -->
      <group name="Negative">
        <method signature="TC006_CompareProductTest.addToCompareWithoutSelectingProduct()[pri:2, instance:testCases.TC006_CompareProductTest@5f049ea1]" name="addToCompareWithoutSelectingProduct" class="testCases.TC006_CompareProductTest"/>
      </group> <!-- Negative -->
    </groups>
    <test started-at="2025-09-21T20:36:40 IST" name="Test" finished-at="2025-09-21T20:37:05 IST" duration-ms="25532">
      <class name="testCases.TC006_CompareProductTest">
        <test-method is-config="true" signature="setup(java.lang.String,java.lang.String)[pri:0, instance:testCases.TC006_CompareProductTest@5f049ea1]" started-at="2025-09-21T20:36:40 IST" name="setup" finished-at="2025-09-21T20:36:45 IST" duration-ms="4635" status="PASS">
          <params>
            <param index="0">
              <value>
                <![CDATA[Windows]]>
              </value>
            </param>
            <param index="1">
              <value>
                <![CDATA[chrome]]>
              </value>
            </param>
          </params>
          <reporter-output>
          </reporter-output>
        </test-method> <!-- setup -->
        <test-method signature="VerifyCompareproduct()[pri:1, instance:testCases.TC006_CompareProductTest@5f049ea1]" started-at="2025-09-21T20:36:45 IST" name="VerifyCompareproduct" finished-at="2025-09-21T20:36:52 IST" duration-ms="7385" status="PASS">
          <reporter-output>
          </reporter-output>
        </test-method> <!-- VerifyCompareproduct -->
        <test-method signature="addToCompareWithoutSelectingProduct()[pri:2, instance:testCases.TC006_CompareProductTest@5f049ea1]" started-at="2025-09-21T20:36:52 IST" name="addToCompareWithoutSelectingProduct" finished-at="2025-09-21T20:36:53 IST" duration-ms="1005" status="PASS">
          <reporter-output>
          </reporter-output>
        </test-method> <!-- addToCompareWithoutSelectingProduct -->
        <test-method signature="verifyComparePageUIElements()[pri:3, instance:testCases.TC006_CompareProductTest@5f049ea1]" started-at="2025-09-21T20:36:53 IST" name="verifyComparePageUIElements" finished-at="2025-09-21T20:37:05 IST" duration-ms="11352" status="FAIL">
          <exception class="java.lang.AssertionError">
            <message>
              <![CDATA[Test failed due to an exception: Expected condition failed: waiting for element to be clickable: By.xpath: //a[normalize-space()='MacBook'] (tried for 10 second(s) with 500 milliseconds interval)
Build info: version: '4.35.0', revision: '1c58e5028b'
System info: os.name: 'Windows 10', os.arch: 'amd64', os.version: '10.0', java.version: '17.0.4'
Driver info: org.openqa.selenium.chrome.ChromeDriver
Capabilities {acceptInsecureCerts: false, browserName: chrome, browserVersion: 140.0.7339.128, chrome: {chromedriverVersion: 140.0.7339.185 (eeea00e459e..., userDataDir: C:\Users\ADMIN\AppData\Loca...}, fedcm:accounts: true, goog:chromeOptions: {debuggerAddress: localhost:56781}, networkConnectionEnabled: false, pageLoadStrategy: normal, platformName: windows, proxy: Proxy(), se:cdp: ws://localhost:56781/devtoo..., se:cdpVersion: 140.0.7339.128, setWindowRect: true, strictFileInteractability: false, timeouts: {implicit: 0, pageLoad: 300000, script: 30000}, unhandledPromptBehavior: dismiss and notify, webauthn:extension:credBlob: true, webauthn:extension:largeBlob: true, webauthn:extension:minPinLength: true, webauthn:extension:prf: true, webauthn:virtualAuthenticators: true}
Session ID: 4c13c52101dcc31e16dff2ebf6ae2c14]]>
            </message>
            <full-stacktrace>
              <![CDATA[java.lang.AssertionError: Test failed due to an exception: Expected condition failed: waiting for element to be clickable: By.xpath: //a[normalize-space()='MacBook'] (tried for 10 second(s) with 500 milliseconds interval)
Build info: version: '4.35.0', revision: '1c58e5028b'
System info: os.name: 'Windows 10', os.arch: 'amd64', os.version: '10.0', java.version: '17.0.4'
Driver info: org.openqa.selenium.chrome.ChromeDriver
Capabilities {acceptInsecureCerts: false, browserName: chrome, browserVersion: 140.0.7339.128, chrome: {chromedriverVersion: 140.0.7339.185 (eeea00e459e..., userDataDir: C:\Users\ADMIN\AppData\Loca...}, fedcm:accounts: true, goog:chromeOptions: {debuggerAddress: localhost:56781}, networkConnectionEnabled: false, pageLoadStrategy: normal, platformName: windows, proxy: Proxy(), se:cdp: ws://localhost:56781/devtoo..., se:cdpVersion: 140.0.7339.128, setWindowRect: true, strictFileInteractability: false, timeouts: {implicit: 0, pageLoad: 300000, script: 30000}, unhandledPromptBehavior: dismiss and notify, webauthn:extension:credBlob: true, webauthn:extension:largeBlob: true, webauthn:extension:minPinLength: true, webauthn:extension:prf: true, webauthn:virtualAuthenticators: true}
Session ID: 4c13c52101dcc31e16dff2ebf6ae2c14
at org.testng.Assert.fail(Assert.java:111)
at testCases.TC006_CompareProductTest.verifyComparePageUIElements(TC006_CompareProductTest.java:240)
at java.base/jdk.internal.reflect.NativeMethodAccessorImpl.invoke0(Native Method)
at java.base/jdk.internal.reflect.NativeMethodAccessorImpl.invoke(NativeMethodAccessorImpl.java:77)
at java.base/jdk.internal.reflect.DelegatingMethodAccessorImpl.invoke(DelegatingMethodAccessorImpl.java:43)
at java.base/java.lang.reflect.Method.invoke(Method.java:568)
at org.testng.internal.invokers.MethodInvocationHelper.invokeMethod(MethodInvocationHelper.java:141)
at org.testng.internal.invokers.TestInvoker.invokeMethod(TestInvoker.java:687)
at org.testng.internal.invokers.TestInvoker.invokeTestMethod(TestInvoker.java:230)
at org.testng.internal.invokers.MethodRunner.runInSequence(MethodRunner.java:63)
at org.testng.internal.invokers.TestInvoker$MethodInvocationAgent.invoke(TestInvoker.java:995)
at org.testng.internal.invokers.TestInvoker.invokeTestMethods(TestInvoker.java:203)
at org.testng.internal.invokers.TestMethodWorker.invokeTestMethods(TestMethodWorker.java:154)
at org.testng.internal.invokers.TestMethodWorker.run(TestMethodWorker.java:134)
at java.base/java.util.ArrayList.forEach(ArrayList.java:1511)
at org.testng.TestRunner.privateRun(TestRunner.java:741)
at org.testng.TestRunner.run(TestRunner.java:616)
at org.testng.SuiteRunner.runTest(SuiteRunner.java:421)
at org.testng.SuiteRunner.runSequentially(SuiteRunner.java:413)
at org.testng.SuiteRunner.privateRun(SuiteRunner.java:373)
at org.testng.SuiteRunner.run(SuiteRunner.java:312)
at org.testng.SuiteRunnerWorker.runSuite(SuiteRunnerWorker.java:52)
at org.testng.SuiteRunnerWorker.run(SuiteRunnerWorker.java:95)
at org.testng.TestNG.runSuitesSequentially(TestNG.java:1274)
at org.testng.TestNG.runSuitesLocally(TestNG.java:1208)
at org.testng.TestNG.runSuites(TestNG.java:1112)
at org.testng.TestNG.run(TestNG.java:1079)
at org.testng.remote.AbstractRemoteTestNG.run(AbstractRemoteTestNG.java:115)
at org.testng.remote.RemoteTestNG.initAndRun(RemoteTestNG.java:293)
at org.testng.remote.RemoteTestNG.main(RemoteTestNG.java:91)
]]>
            </full-stacktrace>
          </exception> <!-- java.lang.AssertionError -->
          <reporter-output>
          </reporter-output>
        </test-method> <!-- verifyComparePageUIElements -->
        <test-method is-config="true" signature="tearDown()[pri:0, instance:testCases.TC006_CompareProductTest@5f049ea1]" started-at="2025-09-21T20:37:05 IST" name="tearDown" finished-at="2025-09-21T20:37:05 IST" duration-ms="361" status="PASS">
          <reporter-output>
          </reporter-output>
        </test-method> <!-- tearDown -->
      </class> <!-- testCases.TC006_CompareProductTest -->
    </test> <!-- Test -->
  </suite> <!-- Master Suite -->
</testng-results>
